[debug] [2023-01-01T16:55:44.894Z] ----------------------------------------------------------------------
[debug] [2023-01-01T16:55:44.896Z] Command:       C:\Program Files\nodejs\node.exe C:\Users\skalra\AppData\Roaming\npm\node_modules\firebase-tools\lib\bin\firebase.js deploy
[debug] [2023-01-01T16:55:44.897Z] CLI Version:   11.19.0
[debug] [2023-01-01T16:55:44.897Z] Platform:      win32
[debug] [2023-01-01T16:55:44.897Z] Node Version:  v18.12.1
[debug] [2023-01-01T16:55:44.899Z] Time:          Sun Jan 01 2023 22:25:44 GMT+0530 (India Standard Time)
[debug] [2023-01-01T16:55:44.899Z] ----------------------------------------------------------------------
[debug] 
[debug] [2023-01-01T16:55:44.982Z] > command requires scopes: ["email","openid","https://www.googleapis.com/auth/cloudplatformprojects.readonly","https://www.googleapis.com/auth/firebase","https://www.googleapis.com/auth/cloud-platform"]
[debug] [2023-01-01T16:55:44.982Z] > authorizing via signed-in user (stersticke@gmail.com)
[debug] [2023-01-01T16:55:44.982Z] [iam] checking project eoomt-79406 for permissions ["firebase.projects.get","firebasehosting.sites.update"]
[debug] [2023-01-01T16:55:44.986Z] >>> [apiv2][query] POST https://cloudresourcemanager.googleapis.com/v1/projects/eoomt-79406:testIamPermissions [none]
[debug] [2023-01-01T16:55:44.987Z] >>> [apiv2][(partial)header] POST https://cloudresourcemanager.googleapis.com/v1/projects/eoomt-79406:testIamPermissions x-goog-quota-user=projects/eoomt-79406
[debug] [2023-01-01T16:55:44.987Z] >>> [apiv2][body] POST https://cloudresourcemanager.googleapis.com/v1/projects/eoomt-79406:testIamPermissions {"permissions":["firebase.projects.get","firebasehosting.sites.update"]}
[debug] [2023-01-01T16:55:47.476Z] <<< [apiv2][status] POST https://cloudresourcemanager.googleapis.com/v1/projects/eoomt-79406:testIamPermissions 200
[debug] [2023-01-01T16:55:47.476Z] <<< [apiv2][body] POST https://cloudresourcemanager.googleapis.com/v1/projects/eoomt-79406:testIamPermissions {"permissions":["firebase.projects.get","firebasehosting.sites.update"]}
[debug] [2023-01-01T16:55:47.478Z] >>> [apiv2][query] GET https://firebase.googleapis.com/v1beta1/projects/eoomt-79406 [none]
[debug] [2023-01-01T16:55:49.774Z] <<< [apiv2][status] GET https://firebase.googleapis.com/v1beta1/projects/eoomt-79406 200
[debug] [2023-01-01T16:55:49.774Z] <<< [apiv2][body] GET https://firebase.googleapis.com/v1beta1/projects/eoomt-79406 {"projectId":"eoomt-79406","projectNumber":"151055667159","displayName":"EOOMT","name":"projects/eoomt-79406","resources":{"hostingSite":"eoomt-79406"},"state":"ACTIVE","etag":"1_0262b395-990c-4225-82be-36f12d045d02"}
[info] 
[info] === Deploying to 'eoomt-79406'...
[info] 
[info] i  deploying hosting 
[debug] [2023-01-01T16:55:49.781Z] >>> [apiv2][query] POST https://firebasehosting.googleapis.com/v1beta1/projects/-/sites/eoomt-79406/versions [none]
[debug] [2023-01-01T16:55:49.781Z] >>> [apiv2][body] POST https://firebasehosting.googleapis.com/v1beta1/projects/-/sites/eoomt-79406/versions {"status":"CREATED","labels":{"deployment-tool":"cli-firebase"}}
[debug] [2023-01-01T16:55:52.135Z] <<< [apiv2][status] POST https://firebasehosting.googleapis.com/v1beta1/projects/-/sites/eoomt-79406/versions 200
[debug] [2023-01-01T16:55:52.135Z] <<< [apiv2][body] POST https://firebasehosting.googleapis.com/v1beta1/projects/-/sites/eoomt-79406/versions {"name":"projects/151055667159/sites/eoomt-79406/versions/84f092d71fdac901","status":"CREATED","config":{},"labels":{"deployment-tool":"cli-firebase"}}
[info] i  hosting[eoomt-79406]: beginning deploy... 
[info] i  hosting[eoomt-79406]: found 13 files in dist 
[debug] [2023-01-01T16:55:52.147Z] [hosting] uploading with 200 concurrency
[debug] [2023-01-01T16:55:52.207Z] [hosting] hash cache [ZGlzdA] stored for 13 files
[debug] [2023-01-01T16:55:52.207Z] [hosting][hash queue][FINAL] {"max":51,"min":1,"avg":16.923076923076923,"active":0,"complete":13,"success":13,"errored":0,"retried":0,"total":13,"elapsed":56}
[debug] [2023-01-01T16:55:52.208Z] >>> [apiv2][query] POST https://firebasehosting.googleapis.com/v1beta1/projects/151055667159/sites/eoomt-79406/versions/84f092d71fdac901:populateFiles [none]
[debug] [2023-01-01T16:55:52.208Z] >>> [apiv2][body] POST https://firebasehosting.googleapis.com/v1beta1/projects/151055667159/sites/eoomt-79406/versions/84f092d71fdac901:populateFiles {"files":{"/favicon.ico":"e594bd65deccc261a757cc946382509b7883a47c7fcccc03c30762755d99de69\r","/assets/img/home_lg.svg":"943b1d94bdbd1a2f2140b8ed4e6cf0f7ffdfb74b05dd69aef00a947a3f44e661\r","/assets/img/home_logo.svg":"09d0b473b2f69ed9b9e896a228497b2cb91b1465e80abe31b75430b60a4d0c0f\r","/assets/img/logo-wg.svg":"88b5308038fec3992ff092af6caa194ed7f23e7f54535f0686826322788d2873\r","/assets/img/logo.jpg":"a249f23c6f9c963c823a5c65fb6ccc024028475dccc6c3da20e12d1d23922d7d\r","/assets/img/logo.svg":"55626d20fc949d4137b07ab83e497033c5d5bae01259ee2b9d64e99b32a778a5\r","/index.html":"0734894400764e86d142f4e7d1de5350b894d03a920a2c1e4548afb288249b8b","/runtime.c98828df470d50af.js":"bd7fd35eb6394b167760a77705c330cef351612b9b60cd747c51b8f3d30914c6","/3rdpartylicenses.txt":"1af44ccf1c0951441179fa662846bc54eb7ad2d57427c833f9ad6a9b670b5d94","/polyfills.1b18a40064788cfb.js":"d9b8fda5bec141d3123a973a85f525161714073a6d9d86fae6da46a149578b89","/styles.803f9921c173ec12.css":"55d292852c214421ff78a3b4081edc11527c5215d159f6b3b54fc65bbf70e791","/scripts.c48e368f6d9424d0.js":"686b95465403254e62e241dc3cc366c39747caf96eea329c2e7fa25834c94b9c","/main.ebcd5fc597ad7efe.js":"7407d4dadca18eda671508f38466082aaa3e631a692ba94d6509763dda1f4e77"}}
[debug] [2023-01-01T16:55:53.848Z] <<< [apiv2][status] POST https://firebasehosting.googleapis.com/v1beta1/projects/151055667159/sites/eoomt-79406/versions/84f092d71fdac901:populateFiles 200
[debug] [2023-01-01T16:55:53.848Z] <<< [apiv2][body] POST https://firebasehosting.googleapis.com/v1beta1/projects/151055667159/sites/eoomt-79406/versions/84f092d71fdac901:populateFiles {"uploadUrl":"https://upload-firebasehosting.googleapis.com/upload/sites/eoomt-79406/versions/84f092d71fdac901/files"}
[debug] [2023-01-01T16:55:53.848Z] [hosting][populate queue][FINAL] {"max":1643,"min":1643,"avg":1643,"active":0,"complete":1,"success":1,"errored":0,"retried":0,"total":1,"elapsed":1643}
[debug] [2023-01-01T16:55:53.848Z] [hosting] uploads queued: 0
[debug] [2023-01-01T16:55:53.849Z] [hosting][upload queue][FINAL] {"max":0,"min":9999999999,"avg":0,"active":0,"complete":0,"success":0,"errored":0,"retried":0,"total":0,"elapsed":1672592153849}
[info] +  hosting[eoomt-79406]: file upload complete 
[debug] [2023-01-01T16:55:53.850Z] [hosting] deploy completed after 1713ms
[debug] [2023-01-01T16:55:53.854Z] [
  {
    "config": {
      "public": "dist",
      "ignore": [
        "firebase.json",
        "**/.*",
        "**/node_modules/**"
      ],
      "rewrites": [
        {
          "source": "**",
          "destination": "/index.html"
        }
      ],
      "site": "eoomt-79406"
    },
    "version": "projects/151055667159/sites/eoomt-79406/versions/84f092d71fdac901"
  }
]
[info] i  hosting[eoomt-79406]: finalizing version... 
[debug] [2023-01-01T16:55:53.860Z] >>> [apiv2][query] PATCH https://firebasehosting.googleapis.com/v1beta1/projects/-/sites/eoomt-79406/versions/84f092d71fdac901 updateMask=status%2Cconfig
[debug] [2023-01-01T16:55:53.860Z] >>> [apiv2][body] PATCH https://firebasehosting.googleapis.com/v1beta1/projects/-/sites/eoomt-79406/versions/84f092d71fdac901 {"status":"FINALIZED","config":{"rewrites":[{"glob":"**","path":"/index.html"}]}}
[debug] [2023-01-01T16:55:55.715Z] <<< [apiv2][status] PATCH https://firebasehosting.googleapis.com/v1beta1/projects/-/sites/eoomt-79406/versions/84f092d71fdac901 200
[debug] [2023-01-01T16:55:55.715Z] <<< [apiv2][body] PATCH https://firebasehosting.googleapis.com/v1beta1/projects/-/sites/eoomt-79406/versions/84f092d71fdac901 {"name":"projects/151055667159/sites/eoomt-79406/versions/84f092d71fdac901","status":"FINALIZED","config":{"rewrites":[{"glob":"**","path":"/index.html"}]},"labels":{"deployment-tool":"cli-firebase"},"createTime":"2023-01-01T16:55:45.422626Z","createUser":{"email":"stersticke@gmail.com"},"finalizeTime":"2023-01-01T16:55:49.542414Z","finalizeUser":{"email":"stersticke@gmail.com"}}
[debug] [2023-01-01T16:55:55.715Z] [hosting] finalized version for eoomt-79406:[object Object]
[info] +  hosting[eoomt-79406]: version finalized 
[info] i  hosting[eoomt-79406]: releasing new version... 
[debug] [2023-01-01T16:55:55.717Z] >>> [apiv2][query] POST https://firebasehosting.googleapis.com/v1beta1/projects/-/sites/eoomt-79406/channels/live/releases versionName=projects%2F151055667159%2Fsites%2Feoomt-79406%2Fversions%2F84f092d71fdac901
[debug] [2023-01-01T16:55:55.717Z] >>> [apiv2][body] POST https://firebasehosting.googleapis.com/v1beta1/projects/-/sites/eoomt-79406/channels/live/releases {}
[debug] [2023-01-01T16:56:02.120Z] <<< [apiv2][status] POST https://firebasehosting.googleapis.com/v1beta1/projects/-/sites/eoomt-79406/channels/live/releases 200
[debug] [2023-01-01T16:56:02.120Z] <<< [apiv2][body] POST https://firebasehosting.googleapis.com/v1beta1/projects/-/sites/eoomt-79406/channels/live/releases {"name":"projects/151055667159/sites/eoomt-79406/channels/live/releases/1672592155250092","version":{"name":"projects/151055667159/sites/eoomt-79406/versions/84f092d71fdac901","status":"FINALIZED","config":{"rewrites":[{"glob":"**","path":"/index.html"}]},"labels":{"deployment-tool":"cli-firebase"},"createTime":"2023-01-01T16:55:45.422626Z","createUser":{"email":"stersticke@gmail.com","imageUrl":"https://lh3.googleusercontent.com/a/AEdFTp62rulovVAi-lsNpq5_Yh0U-atFeyfp2kDUDA4=mo"},"finalizeTime":"2023-01-01T16:55:49.542414Z","finalizeUser":{"email":"stersticke@gmail.com","imageUrl":"https://lh3.googleusercontent.com/a/AEdFTp62rulovVAi-lsNpq5_Yh0U-atFeyfp2kDUDA4=mo"}},"type":"DEPLOY","releaseTime":"2023-01-01T16:55:55.250092128Z","releaseUser":{"email":"stersticke@gmail.com","imageUrl":"https://lh3.googleusercontent.com/a/AEdFTp62rulovVAi-lsNpq5_Yh0U-atFeyfp2kDUDA4=mo"}}
[debug] [2023-01-01T16:56:02.120Z] [hosting] release: {"name":"projects/151055667159/sites/eoomt-79406/channels/live/releases/1672592155250092","version":{"name":"projects/151055667159/sites/eoomt-79406/versions/84f092d71fdac901","status":"FINALIZED","config":{"rewrites":[{"glob":"**","path":"/index.html"}]},"labels":{"deployment-tool":"cli-firebase"},"createTime":"2023-01-01T16:55:45.422626Z","createUser":{"email":"stersticke@gmail.com","imageUrl":"https://lh3.googleusercontent.com/a/AEdFTp62rulovVAi-lsNpq5_Yh0U-atFeyfp2kDUDA4=mo"},"finalizeTime":"2023-01-01T16:55:49.542414Z","finalizeUser":{"email":"stersticke@gmail.com","imageUrl":"https://lh3.googleusercontent.com/a/AEdFTp62rulovVAi-lsNpq5_Yh0U-atFeyfp2kDUDA4=mo"}},"type":"DEPLOY","releaseTime":"2023-01-01T16:55:55.250092128Z","releaseUser":{"email":"stersticke@gmail.com","imageUrl":"https://lh3.googleusercontent.com/a/AEdFTp62rulovVAi-lsNpq5_Yh0U-atFeyfp2kDUDA4=mo"}}
[info] +  hosting[eoomt-79406]: release complete 
[info] 
[info] +  Deploy complete! 
[info] 
[info] Project Console: https://console.firebase.google.com/project/eoomt-79406/overview
[info] Hosting URL: https://eoomt-79406.web.app
[debug] [2023-01-01T16:56:18.650Z] Error: Timed out.
    at Timeout._onTimeout (C:\Users\skalra\AppData\Roaming\npm\node_modules\firebase-tools\lib\utils.js:253:49)
    at listOnTimeout (node:internal/timers:564:17)
    at process.processTimers (node:internal/timers:507:7)
[error] 
[error] Error: An unexpected error has occurred.
